#
# There is insufficient memory for the Java Runtime Environment to continue.
# Native memory allocation (malloc) failed to allocate 608976 bytes. Error detail: Chunk::new
# Possible reasons:
#   The system is out of physical RAM or swap space
#   This process is running with CompressedOops enabled, and the Java Heap may be blocking the growth of the native heap
# Possible solutions:
#   Reduce memory load on the system
#   Increase physical memory or swap space
#   Check if swap backing store is full
#   Decrease Java heap size (-Xmx/-Xms)
#   Decrease number of Java threads
#   Decrease Java thread stack sizes (-Xss)
#   Set larger code cache with -XX:ReservedCodeCacheSize=
#   JVM is running with Unscaled Compressed Oops mode in which the Java heap is
#     placed in the first 4GB address space. The Java Heap base address is the
#     maximum limit for the native heap growth. Please use -XX:HeapBaseMinAddress
#     to set the Java Heap base and to place the Java Heap above 4GB virtual address.
# This output file may be truncated or incomplete.
#
#  Out of Memory Error (arena.cpp:168), pid=24984, tid=13308
#
# JRE version: OpenJDK Runtime Environment Temurin-21.0.9+10 (21.0.9+10) (build 21.0.9+10-LTS)
# Java VM: OpenJDK 64-Bit Server VM Temurin-21.0.9+10 (21.0.9+10-LTS, mixed mode, sharing, tiered, compressed oops, compressed class ptrs, parallel gc, windows-amd64)
# No core dump will be written. Minidumps are not enabled by default on client versions of Windows
#

---------------  S U M M A R Y ------------

Command Line: --add-modules=ALL-SYSTEM --add-opens=java.base/java.util=ALL-UNNAMED --add-opens=java.base/java.lang=ALL-UNNAMED --add-opens=java.base/sun.nio.fs=ALL-UNNAMED -Declipse.application=org.eclipse.jdt.ls.core.id1 -Dosgi.bundles.defaultStartLevel=4 -Declipse.product=org.eclipse.jdt.ls.core.product -Djava.import.generatesMetadataFilesAtProjectRoot=false -DDetectVMInstallationsJob.disabled=true -Dfile.encoding=utf8 -XX:+UseParallelGC -XX:GCTimeRatio=4 -XX:AdaptiveSizePolicyWeight=90 -Dsun.zip.disableMemoryMapping=true -Xmx2G -Xms100m -Xlog:disable -javaagent:c:\Users\work\.vscode\extensions\redhat.java-1.52.0-win32-x64\lombok\lombok-1.18.39-4050.jar -XX:+HeapDumpOnOutOfMemoryError -XX:HeapDumpPath=c:\Users\work\AppData\Roaming\Code\User\workspaceStorage\e714646189002edd2a3e7f6b9a24a722\redhat.java -Daether.dependencyCollector.impl=bf c:\Users\work\.vscode\extensions\redhat.java-1.52.0-win32-x64\server\plugins\org.eclipse.equinox.launcher_1.7.100.v20251111-0406.jar -configuration c:\Users\work\AppData\Roaming\Code\User\globalStorage\redhat.java\1.52.0\config_win -data c:\Users\work\AppData\Roaming\Code\User\workspaceStorage\e714646189002edd2a3e7f6b9a24a722\redhat.java\jdt_ws --pipe=\\.\pipe\lsp-c98dde16766314e37c90aebab7b870ec-sock

Host: Intel(R) Core(TM) i5-10310U CPU @ 1.70GHz, 8 cores, 15G,  Windows 11 , 64 bit Build 26100 (10.0.26100.7623)
Time: Sun Feb  1 23:30:26 2026 India Standard Time elapsed time: 25.722672 seconds (0d 0h 0m 25s)

---------------  T H R E A D  ---------------

Current thread (0x000001c6a8fa9980):  JavaThread "C2 CompilerThread0" daemon [_thread_in_native, id=13308, stack(0x0000004d52900000,0x0000004d52a00000) (1024K)]


Current CompileTask:
C2:25722 2108 %     4       org.eclipse.osgi.util.ManifestElement::readLine @ 0 (122 bytes)

Stack: [0x0000004d52900000,0x0000004d52a00000]
Native frames: (J=compiled Java code, j=interpreted, Vv=VM code, C=native code)
V  [jvm.dll+0x6d6e29]
V  [jvm.dll+0x8b4b76]
V  [jvm.dll+0x8b712e]
V  [jvm.dll+0x8b7813]
V  [jvm.dll+0x283d86]
V  [jvm.dll+0xc66ed]
V  [jvm.dll+0xc6c31]
V  [jvm.dll+0x3be501]
V  [jvm.dll+0x38ab92]
V  [jvm.dll+0x389fda]
V  [jvm.dll+0x24bfa0]
V  [jvm.dll+0x24b580]
V  [jvm.dll+0x1cb13e]
V  [jvm.dll+0x25b29d]
V  [jvm.dll+0x25982a]
V  [jvm.dll+0x3f7ea6]
V  [jvm.dll+0x85e9ad]
V  [jvm.dll+0x6d565d]
C  [ucrtbase.dll+0x37b0]
C  [KERNEL32.DLL+0x2e8d7]
C  [ntdll.dll+0x8c53c]


---------------  P R O C E S S  ---------------

Threads class SMR info:
_java_thread_list=0x000001c7027d1a70, length=16, elements={
0x000001c6a8fffe80, 0x000001c6a8f6f940, 0x000001c6a8f715d0, 0x000001c6a8f768e0,
0x000001c6a8f77530, 0x000001c6a8f7d600, 0x000001c6a8fa4090, 0x000001c6a8fa9980,
0x000001c6a8facf30, 0x000001c70252def0, 0x000001c70264d510, 0x000001c702cd2090,
0x000001c7023c86c0, 0x000001c702a455a0, 0x000001c707018850, 0x000001c702ed0b70
}

Java Threads: ( => current thread )
  0x000001c6a8fffe80 JavaThread "main"                              [_thread_blocked, id=22168, stack(0x0000004d51f00000,0x0000004d52000000) (1024K)]
  0x000001c6a8f6f940 JavaThread "Reference Handler"          daemon [_thread_blocked, id=24804, stack(0x0000004d52300000,0x0000004d52400000) (1024K)]
  0x000001c6a8f715d0 JavaThread "Finalizer"                  daemon [_thread_blocked, id=23156, stack(0x0000004d52400000,0x0000004d52500000) (1024K)]
  0x000001c6a8f768e0 JavaThread "Signal Dispatcher"          daemon [_thread_blocked, id=21700, stack(0x0000004d52500000,0x0000004d52600000) (1024K)]
  0x000001c6a8f77530 JavaThread "Attach Listener"            daemon [_thread_blocked, id=23832, stack(0x0000004d52600000,0x0000004d52700000) (1024K)]
  0x000001c6a8f7d600 JavaThread "Service Thread"             daemon [_thread_blocked, id=13320, stack(0x0000004d52700000,0x0000004d52800000) (1024K)]
  0x000001c6a8fa4090 JavaThread "Monitor Deflation Thread"   daemon [_thread_blocked, id=21620, stack(0x0000004d52800000,0x0000004d52900000) (1024K)]
=>0x000001c6a8fa9980 JavaThread "C2 CompilerThread0"         daemon [_thread_in_native, id=13308, stack(0x0000004d52900000,0x0000004d52a00000) (1024K)]
  0x000001c6a8facf30 JavaThread "C1 CompilerThread0"         daemon [_thread_blocked, id=21020, stack(0x0000004d52a00000,0x0000004d52b00000) (1024K)]
  0x000001c70252def0 JavaThread "Common-Cleaner"             daemon [_thread_blocked, id=2132, stack(0x0000004d52c00000,0x0000004d52d00000) (1024K)]
  0x000001c70264d510 JavaThread "Notification Thread"        daemon [_thread_blocked, id=4516, stack(0x0000004d52b00000,0x0000004d52c00000) (1024K)]
  0x000001c702cd2090 JavaThread "Active Thread: Equinox Container: 1f82c1f7-80ab-4cf0-8e52-4868b960ef49"        [_thread_blocked, id=25348, stack(0x0000004d53500000,0x0000004d53600000) (1024K)]
  0x000001c7023c86c0 JavaThread "Refresh Thread: Equinox Container: 1f82c1f7-80ab-4cf0-8e52-4868b960ef49" daemon [_thread_blocked, id=5020, stack(0x0000004d53400000,0x0000004d53500000) (1024K)]
  0x000001c702a455a0 JavaThread "Framework Event Dispatcher: Equinox Container: 1f82c1f7-80ab-4cf0-8e52-4868b960ef49" daemon [_thread_blocked, id=20652, stack(0x0000004d53600000,0x0000004d53700000) (1024K)]
  0x000001c707018850 JavaThread "Start Level: Equinox Container: 1f82c1f7-80ab-4cf0-8e52-4868b960ef49" daemon [_thread_in_vm, id=3268, stack(0x0000004d53700000,0x0000004d53800000) (1024K)]
  0x000001c702ed0b70 JavaThread "C2 CompilerThread1"         daemon [_thread_in_native, id=14836, stack(0x0000004d53800000,0x0000004d53900000) (1024K)]
Total: 16

Other Threads:
  0x000001c6a6b516b0 VMThread "VM Thread"                           [id=4876, stack(0x0000004d52200000,0x0000004d52300000) (1024K)]
  0x000001c6a8e8ca00 WatcherThread "VM Periodic Task Thread"        [id=10652, stack(0x0000004d52100000,0x0000004d52200000) (1024K)]
  0x000001c6a6b52530 WorkerThread "GC Thread#0"                     [id=19464, stack(0x0000004d52000000,0x0000004d52100000) (1024K)]
  0x000001c6a6b528d0 WorkerThread "GC Thread#1"                     [id=22852, stack(0x0000004d52e00000,0x0000004d52f00000) (1024K)]
  0x000001c6a6b52190 WorkerThread "GC Thread#2"                     [id=24132, stack(0x0000004d52f00000,0x0000004d53000000) (1024K)]
  0x000001c702bddab0 WorkerThread "GC Thread#3"                     [id=8824, stack(0x0000004d53000000,0x0000004d53100000) (1024K)]
  0x000001c702bdc150 WorkerThread "GC Thread#4"                     [id=11988, stack(0x0000004d53100000,0x0000004d53200000) (1024K)]
  0x000001c702bde1f0 WorkerThread "GC Thread#5"                     [id=8548, stack(0x0000004d53200000,0x0000004d53300000) (1024K)]
  0x000001c702bde590 WorkerThread "GC Thread#6"                     [id=23768, stack(0x0000004d53300000,0x0000004d53400000) (1024K)]
  0x000001c702bdcfd0 WorkerThread "GC Thread#7"                     [id=3924, stack(0x0000004d52d00000,0x0000004d52e00000) (1024K)]
Total: 10

Threads with active compile tasks:
C2 CompilerThread0  25797 2108 %     4       org.eclipse.osgi.util.ManifestElement::readLine @ 0 (122 bytes)
C2 CompilerThread1  25797 2174 %     4       java.util.Properties$LineReader::readLine @ 293 (584 bytes)
Total: 2

VM state: not at safepoint (normal execution)

VM Mutex/Monitor currently owned by a thread: None

OutOfMemory and StackOverflow Exception counts:
OutOfMemoryError java_heap_errors=1
LinkageErrors=31

Heap address: 0x0000000080000000, size: 2048 MB, Compressed Oops mode: 32-bit

CDS archive(s) mapped at: [0x000001c6c0000000-0x000001c6c0ba0000-0x000001c6c0ba0000), size 12189696, SharedBaseAddress: 0x000001c6c0000000, ArchiveRelocationMode: 1.
Compressed class space mapped at: 0x000001c6c1000000-0x000001c701000000, reserved size: 1073741824
Narrow klass base: 0x000001c6c0000000, Narrow klass shift: 0, Narrow klass range: 0x100000000

GC Precious Log:
 CardTable entry size: 512
 CPUs: 8 total, 8 available
 Memory: 16153M
 Large Page Support: Disabled
 NUMA Support: Disabled
 Compressed Oops: Enabled (32-bit)
 Alignments: Space 512K, Generation 512K, Heap 2M
 Heap Min Capacity: 100M
 Heap Initial Capacity: 100M
 Heap Max Capacity: 2G
 Pre-touch: Disabled
 Parallel Workers: 8

Heap:
 PSYoungGen      total 29696K, used 28810K [0x00000000d5580000, 0x00000000d7680000, 0x0000000100000000)
  eden space 25600K, 96% used [0x00000000d5580000,0x00000000d6da5120,0x00000000d6e80000)
  from space 4096K, 99% used [0x00000000d7280000,0x00000000d767d810,0x00000000d7680000)
  to   space 4096K, 0% used [0x00000000d6e80000,0x00000000d6e80000,0x00000000d7280000)
 ParOldGen       total 68608K, used 2013K [0x0000000080000000, 0x0000000084300000, 0x00000000d5580000)
  object space 68608K, 2% used [0x0000000080000000,0x00000000801f7790,0x0000000084300000)
 Metaspace       used 9462K, committed 9792K, reserved 1114112K
  class space    used 1010K, committed 1152K, reserved 1048576K

Card table byte_map: [0x000001c6a89a0000,0x000001c6a8db0000] _byte_map_base: 0x000001c6a85a0000

Marking Bits: (ParMarkBitMap*) 0x00007ff8f2c72460
 Begin Bits: [0x000001c6bb4b0000, 0x000001c6bd4b0000)
 End Bits:   [0x000001c6bd4b0000, 0x000001c6bf4b0000)

Polling page: 0x000001c6a6df0000

Metaspace:

Usage:
  Non-class:      8.25 MB used.
      Class:   1010.24 KB used.
       Both:      9.24 MB used.

Virtual space:
  Non-class space:       64.00 MB reserved,       8.44 MB ( 13%) committed,  1 nodes.
      Class space:        1.00 GB reserved,       1.12 MB ( <1%) committed,  1 nodes.
             Both:        1.06 GB reserved,       9.56 MB ( <1%) committed. 

Chunk freelists:
   Non-Class:  6.84 MB
       Class:  14.79 MB
        Both:  21.63 MB

MaxMetaspaceSize: unlimited
CompressedClassSpaceSize: 1.00 GB
Initial GC threshold: 21.00 MB
Current GC threshold: 21.00 MB
CDS: on
 - commit_granule_bytes: 65536.
 - commit_granule_words: 8192.
 - virtual_space_node_default_size: 8388608.
 - enlarge_chunks_in_place: 1.
 - use_allocation_guard: 0.


Internal statistics:

num_allocs_failed_limit: 0.
num_arena_births: 256.
num_arena_deaths: 0.
num_vsnodes_births: 2.
num_vsnodes_deaths: 0.
num_space_committed: 153.
num_space_uncommitted: 0.
num_chunks_returned_to_freelist: 0.
num_chunks_taken_from_freelist: 512.
num_chunk_merges: 0.
num_chunk_splits: 322.
num_chunks_enlarged: 212.
num_inconsistent_stats: 0.

CodeHeap 'non-profiled nmethods': size=120000Kb used=960Kb max_used=960Kb free=119039Kb
 bounds [0x000001c6b3cd0000, 0x000001c6b3f40000, 0x000001c6bb200000]
CodeHeap 'profiled nmethods': size=120000Kb used=3963Kb max_used=3963Kb free=116036Kb
 bounds [0x000001c6ac200000, 0x000001c6ac5e0000, 0x000001c6b3730000]
CodeHeap 'non-nmethods': size=5760Kb used=1225Kb max_used=1250Kb free=4534Kb
 bounds [0x000001c6b3730000, 0x000001c6b39a0000, 0x000001c6b3cd0000]
CodeCache: size=245760Kb, used=6148Kb, max_used=6173Kb, free=239609Kb
 total_blobs=2666, nmethods=2173, adapters=399, full_count=0
Compilation: enabled, stopped_count=0, restarted_count=0

Compilation events (20 events):
Event: 25.691 Thread 0x000001c6a8facf30 nmethod 2143 0x000001c6ac5d0d10 code [0x000001c6ac5d0ec0, 0x000001c6ac5d1098]
Event: 25.692 Thread 0x000001c6a8facf30 2144       1       java.util.stream.Sink::cancellationRequested (2 bytes)
Event: 25.692 Thread 0x000001c6a8facf30 nmethod 2144 0x000001c6b3dbd790 code [0x000001c6b3dbd920, 0x000001c6b3dbd9e8]
Event: 25.694 Thread 0x000001c6a8facf30 2145   !   3       java.util.concurrent.ConcurrentHashMap::putVal (432 bytes)
Event: 25.697 Thread 0x000001c6a8facf30 nmethod 2145 0x000001c6ac5d1190 code [0x000001c6ac5d1500, 0x000001c6ac5d2dd8]
Event: 25.697 Thread 0x000001c6a8facf30 2146       3       java.nio.charset.CoderResult::isUnderflow (13 bytes)
Event: 25.697 Thread 0x000001c6a8facf30 nmethod 2146 0x000001c6ac5d3790 code [0x000001c6ac5d3920, 0x000001c6ac5d3a80]
Event: 25.698 Thread 0x000001c6a8facf30 2147       3       org.eclipse.osgi.framework.util.CaseInsensitiveDictionaryMap$CaseInsensitiveKey::equals (31 bytes)
Event: 25.698 Thread 0x000001c6a8facf30 nmethod 2147 0x000001c6ac5d3b10 code [0x000001c6ac5d3ce0, 0x000001c6ac5d40d0]
Event: 25.701 Thread 0x000001c6a8facf30 2149       3       java.util.concurrent.ConcurrentHashMap$EntryIterator::next (5 bytes)
Event: 25.702 Thread 0x000001c6a8facf30 nmethod 2149 0x000001c6ac5d4210 code [0x000001c6ac5d43c0, 0x000001c6ac5d44f8]
Event: 25.702 Thread 0x000001c6a8facf30 2150       3       java.util.concurrent.ConcurrentHashMap$EntryIterator::next (51 bytes)
Event: 25.702 Thread 0x000001c702ed0b70 2148       4       java.util.HashMap::tableSizeFor (32 bytes)
Event: 25.703 Thread 0x000001c6a8facf30 nmethod 2150 0x000001c6ac5d4590 code [0x000001c6ac5d4760, 0x000001c6ac5d4b60]
Event: 25.703 Thread 0x000001c6a8facf30 2151       3       java.util.Spliterator::getExactSizeIfKnown (25 bytes)
Event: 25.703 Thread 0x000001c702ed0b70 nmethod 2148 0x000001c6b3dbda90 code [0x000001c6b3dbdc20, 0x000001c6b3dbdcc0]
Event: 25.703 Thread 0x000001c702ed0b70 2139       4       java.lang.String::lastIndexOf (12 bytes)
Event: 25.703 Thread 0x000001c6a8facf30 nmethod 2151 0x000001c6ac5d4d10 code [0x000001c6ac5d4ee0, 0x000001c6ac5d51d0]
Event: 25.710 Thread 0x000001c702ed0b70 nmethod 2139 0x000001c6b3dbdd90 code [0x000001c6b3dbdf20, 0x000001c6b3dbe160]
Event: 25.711 Thread 0x000001c702ed0b70 2100       4       java.util.jar.Manifest::getAttributes (14 bytes)

GC Heap History (4 events):
Event: 1.815 GC heap before
{Heap before GC invocations=1 (full 0):
 PSYoungGen      total 29696K, used 25600K [0x00000000d5580000, 0x00000000d7680000, 0x0000000100000000)
  eden space 25600K, 100% used [0x00000000d5580000,0x00000000d6e80000,0x00000000d6e80000)
  from space 4096K, 0% used [0x00000000d7280000,0x00000000d7280000,0x00000000d7680000)
  to   space 4096K, 0% used [0x00000000d6e80000,0x00000000d6e80000,0x00000000d7280000)
 ParOldGen       total 68608K, used 0K [0x0000000080000000, 0x0000000084300000, 0x00000000d5580000)
  object space 68608K, 0% used [0x0000000080000000,0x0000000080000000,0x0000000084300000)
 Metaspace       used 4334K, committed 4608K, reserved 1114112K
  class space    used 472K, committed 576K, reserved 1048576K
}
Event: 1.824 GC heap after
{Heap after GC invocations=1 (full 0):
 PSYoungGen      total 29696K, used 3303K [0x00000000d5580000, 0x00000000d7680000, 0x0000000100000000)
  eden space 25600K, 0% used [0x00000000d5580000,0x00000000d5580000,0x00000000d6e80000)
  from space 4096K, 80% used [0x00000000d6e80000,0x00000000d71b9e98,0x00000000d7280000)
  to   space 4096K, 0% used [0x00000000d7280000,0x00000000d7280000,0x00000000d7680000)
 ParOldGen       total 68608K, used 16K [0x0000000080000000, 0x0000000084300000, 0x00000000d5580000)
  object space 68608K, 0% used [0x0000000080000000,0x0000000080004000,0x0000000084300000)
 Metaspace       used 4334K, committed 4608K, reserved 1114112K
  class space    used 472K, committed 576K, reserved 1048576K
}
Event: 19.687 GC heap before
{Heap before GC invocations=2 (full 0):
 PSYoungGen      total 29696K, used 28903K [0x00000000d5580000, 0x00000000d7680000, 0x0000000100000000)
  eden space 25600K, 100% used [0x00000000d5580000,0x00000000d6e80000,0x00000000d6e80000)
  from space 4096K, 80% used [0x00000000d6e80000,0x00000000d71b9e98,0x00000000d7280000)
  to   space 4096K, 0% used [0x00000000d7280000,0x00000000d7280000,0x00000000d7680000)
 ParOldGen       total 68608K, used 16K [0x0000000080000000, 0x0000000084300000, 0x00000000d5580000)
  object space 68608K, 0% used [0x0000000080000000,0x0000000080004000,0x0000000084300000)
 Metaspace       used 7989K, committed 8320K, reserved 1114112K
  class space    used 830K, committed 960K, reserved 1048576K
}
Event: 19.697 GC heap after
{Heap after GC invocations=2 (full 0):
 PSYoungGen      total 29696K, used 4086K [0x00000000d5580000, 0x00000000d7680000, 0x0000000100000000)
  eden space 25600K, 0% used [0x00000000d5580000,0x00000000d5580000,0x00000000d6e80000)
  from space 4096K, 99% used [0x00000000d7280000,0x00000000d767d810,0x00000000d7680000)
  to   space 4096K, 0% used [0x00000000d6e80000,0x00000000d6e80000,0x00000000d7280000)
 ParOldGen       total 68608K, used 2013K [0x0000000080000000, 0x0000000084300000, 0x00000000d5580000)
  object space 68608K, 2% used [0x0000000080000000,0x00000000801f7790,0x0000000084300000)
 Metaspace       used 7989K, committed 8320K, reserved 1114112K
  class space    used 830K, committed 960K, reserved 1048576K
}

Dll operation events (9 events):
Event: 0.315 Loaded shared library c:\Users\work\.vscode\extensions\redhat.java-1.52.0-win32-x64\jre\21.0.9-win32-x86_64\bin\java.dll
Event: 0.575 Loaded shared library c:\Users\work\.vscode\extensions\redhat.java-1.52.0-win32-x64\jre\21.0.9-win32-x86_64\bin\zip.dll
Event: 0.607 Loaded shared library C:\Users\work\.vscode\extensions\redhat.java-1.52.0-win32-x64\jre\21.0.9-win32-x86_64\bin\instrument.dll
Event: 0.655 Loaded shared library C:\Users\work\.vscode\extensions\redhat.java-1.52.0-win32-x64\jre\21.0.9-win32-x86_64\bin\net.dll
Event: 0.705 Loaded shared library C:\Users\work\.vscode\extensions\redhat.java-1.52.0-win32-x64\jre\21.0.9-win32-x86_64\bin\nio.dll
Event: 0.708 Loaded shared library C:\Users\work\.vscode\extensions\redhat.java-1.52.0-win32-x64\jre\21.0.9-win32-x86_64\bin\zip.dll
Event: 0.740 Loaded shared library C:\Users\work\.vscode\extensions\redhat.java-1.52.0-win32-x64\jre\21.0.9-win32-x86_64\bin\jimage.dll
Event: 0.932 Loaded shared library c:\Users\work\.vscode\extensions\redhat.java-1.52.0-win32-x64\jre\21.0.9-win32-x86_64\bin\verify.dll
Event: 19.848 Loaded shared library C:\Users\work\AppData\Roaming\Code\User\globalStorage\redhat.java\1.52.0\config_win\org.eclipse.equinox.launcher\org.eclipse.equinox.launcher.win32.win32.x86_64_1.2.1500.v20260121-1430\eclipse_11919.dll

Deoptimization events (20 events):
Event: 25.643 Thread 0x000001c707018850 Uncommon trap: trap_request=0xffffff45 fr.pc=0x000001c6b3da9ba0 relative=0x00000000000006e0
Event: 25.643 Thread 0x000001c707018850 Uncommon trap: reason=unstable_if action=reinterpret pc=0x000001c6b3da9ba0 method=java.util.regex.Matcher.search(I)Z @ 30 c2
Event: 25.643 Thread 0x000001c707018850 DEOPT PACKING pc=0x000001c6b3da9ba0 sp=0x0000004d537fdd50
Event: 25.643 Thread 0x000001c707018850 DEOPT UNPACKING pc=0x000001c6b3783aa2 sp=0x0000004d537fdd20 mode 2
Event: 25.643 Thread 0x000001c707018850 Uncommon trap: trap_request=0xffffffde fr.pc=0x000001c6b3da8d14 relative=0x0000000000000334
Event: 25.643 Thread 0x000001c707018850 Uncommon trap: reason=class_check action=maybe_recompile pc=0x000001c6b3da8d14 method=java.util.regex.Pattern$BmpCharPropertyGreedy.match(Ljava/util/regex/Matcher;ILjava/lang/CharSequence;)Z @ 26 c2
Event: 25.643 Thread 0x000001c707018850 DEOPT PACKING pc=0x000001c6b3da8d14 sp=0x0000004d537fda20
Event: 25.643 Thread 0x000001c707018850 DEOPT UNPACKING pc=0x000001c6b3783aa2 sp=0x0000004d537fd9d8 mode 2
Event: 25.643 Thread 0x000001c707018850 Uncommon trap: trap_request=0xffffffde fr.pc=0x000001c6b3da8d14 relative=0x0000000000000334
Event: 25.643 Thread 0x000001c707018850 Uncommon trap: reason=class_check action=maybe_recompile pc=0x000001c6b3da8d14 method=java.util.regex.Pattern$BmpCharPropertyGreedy.match(Ljava/util/regex/Matcher;ILjava/lang/CharSequence;)Z @ 26 c2
Event: 25.643 Thread 0x000001c707018850 DEOPT PACKING pc=0x000001c6b3da8d14 sp=0x0000004d537fd920
Event: 25.643 Thread 0x000001c707018850 DEOPT UNPACKING pc=0x000001c6b3783aa2 sp=0x0000004d537fd8b8 mode 2
Event: 25.643 Thread 0x000001c707018850 Uncommon trap: trap_request=0xffffffde fr.pc=0x000001c6b3da8d14 relative=0x0000000000000334
Event: 25.643 Thread 0x000001c707018850 Uncommon trap: reason=class_check action=maybe_recompile pc=0x000001c6b3da8d14 method=java.util.regex.Pattern$BmpCharPropertyGreedy.match(Ljava/util/regex/Matcher;ILjava/lang/CharSequence;)Z @ 26 c2
Event: 25.643 Thread 0x000001c707018850 DEOPT PACKING pc=0x000001c6b3da8d14 sp=0x0000004d537fda20
Event: 25.643 Thread 0x000001c707018850 DEOPT UNPACKING pc=0x000001c6b3783aa2 sp=0x0000004d537fd9d8 mode 2
Event: 25.643 Thread 0x000001c707018850 Uncommon trap: trap_request=0xffffffde fr.pc=0x000001c6b3da8d14 relative=0x0000000000000334
Event: 25.643 Thread 0x000001c707018850 Uncommon trap: reason=class_check action=maybe_recompile pc=0x000001c6b3da8d14 method=java.util.regex.Pattern$BmpCharPropertyGreedy.match(Ljava/util/regex/Matcher;ILjava/lang/CharSequence;)Z @ 26 c2
Event: 25.643 Thread 0x000001c707018850 DEOPT PACKING pc=0x000001c6b3da8d14 sp=0x0000004d537fd920
Event: 25.643 Thread 0x000001c707018850 DEOPT UNPACKING pc=0x000001c6b3783aa2 sp=0x0000004d537fd8b8 mode 2

Classes loaded (20 events):
Event: 20.266 Loading class java/util/Formatter$DateTime
Event: 20.266 Loading class java/util/Formatter$DateTime done
Event: 20.266 Loading class java/util/Formatter$FixedString
Event: 20.266 Loading class java/util/Formatter$FixedString done
Event: 20.267 Loading class java/time/ZonedDateTime$1
Event: 20.267 Loading class java/time/ZonedDateTime$1 done
Event: 20.277 Loading class jdk/internal/module/ModulePatcher$PatchedModuleReader
Event: 20.278 Loading class jdk/internal/module/ModulePatcher$PatchedModuleReader done
Event: 20.288 Loading class sun/util/resources/LocaleData$CommonResourceBundleProvider
Event: 20.289 Loading class sun/util/resources/LocaleData$LocaleDataResourceBundleProvider
Event: 20.289 Loading class java/util/spi/ResourceBundleProvider
Event: 20.289 Loading class java/util/spi/ResourceBundleProvider done
Event: 20.289 Loading class sun/util/resources/LocaleData$LocaleDataResourceBundleProvider done
Event: 20.289 Loading class sun/util/resources/LocaleData$CommonResourceBundleProvider done
Event: 20.291 Loading class sun/text/resources/cldr/FormatData_en
Event: 20.292 Loading class sun/text/resources/cldr/FormatData_en done
Event: 20.292 Loading class sun/util/resources/Bundles$2
Event: 20.292 Loading class sun/util/resources/Bundles$2 done
Event: 20.314 Loading class java/io/InterruptedIOException
Event: 20.314 Loading class java/io/InterruptedIOException done

Classes unloaded (0 events):
No events

Classes redefined (0 events):
No events

Internal exceptions (20 events):
Event: 1.878 Thread 0x000001c6a8fffe80 Implicit null exception at 0x000001c6b3d3ce1a to 0x000001c6b3d3d03c
Event: 1.878 Thread 0x000001c6a8fffe80 Exception <a 'java/lang/NoSuchMethodError'{0x00000000d56e3aa8}: 'void java.lang.invoke.DirectMethodHandle$Holder.invokeStatic(java.lang.Object, java.lang.Object, java.lang.Object, java.lang.Object)'> (0x00000000d56e3aa8) 
thrown [s\src\hotspot\share\interpreter\linkResolver.cpp, line 773]
Event: 1.879 Thread 0x000001c6a8fffe80 Implicit null exception at 0x000001c6b3d3961a to 0x000001c6b3d3983c
Event: 1.879 Thread 0x000001c6a8fffe80 Implicit null exception at 0x000001c6b3d2ecc0 to 0x000001c6b3d2ed45
Event: 1.983 Thread 0x000001c6a8fffe80 Exception <a 'java/lang/NoSuchMethodError'{0x00000000d59cdd90}: 'void java.lang.invoke.DirectMethodHandle$Holder.invokeSpecial(java.lang.Object, java.lang.Object, java.lang.Object)'> (0x00000000d59cdd90) 
thrown [s\src\hotspot\share\interpreter\linkResolver.cpp, line 773]
Event: 2.287 Thread 0x000001c6a8fffe80 Exception <a 'java/lang/NoSuchMethodError'{0x00000000d64347e8}: 'int java.lang.invoke.DirectMethodHandle$Holder.invokeVirtual(java.lang.Object, java.lang.Object)'> (0x00000000d64347e8) 
thrown [s\src\hotspot\share\interpreter\linkResolver.cpp, line 773]
Event: 2.340 Thread 0x000001c6a8fffe80 Exception <a 'java/lang/NoSuchMethodError'{0x00000000d65abbc0}: 'int java.lang.invoke.DirectMethodHandle$Holder.invokeStaticInit(java.lang.Object, java.lang.Object, java.lang.Object, java.lang.Object)'> (0x00000000d65abbc0) 
thrown [s\src\hotspot\share\interpreter\linkResolver.cpp, line 773]
Event: 2.341 Thread 0x000001c6a8fffe80 Exception <a 'java/lang/IncompatibleClassChangeError'{0x00000000d65b3fc8}: Found class java.lang.Object, but interface was expected> (0x00000000d65b3fc8) 
thrown [s\src\hotspot\share\interpreter\linkResolver.cpp, line 840]
Event: 2.342 Thread 0x000001c6a8fffe80 Exception <a 'java/lang/NoSuchMethodError'{0x00000000d65ba578}: 'void java.lang.invoke.DirectMethodHandle$Holder.invokeStaticInit(java.lang.Object, java.lang.Object)'> (0x00000000d65ba578) 
thrown [s\src\hotspot\share\interpreter\linkResolver.cpp, line 773]
Event: 2.343 Thread 0x000001c6a8fffe80 Exception <a 'java/lang/NoSuchMethodError'{0x00000000d65c38f0}: 'int java.lang.invoke.DirectMethodHandle$Holder.invokeStaticInit(java.lang.Object, java.lang.Object)'> (0x00000000d65c38f0) 
thrown [s\src\hotspot\share\interpreter\linkResolver.cpp, line 773]
Event: 2.406 Thread 0x000001c6a8fffe80 Exception <a 'java/lang/NoSuchMethodError'{0x00000000d680abf0}: 'java.lang.Object java.lang.invoke.DirectMethodHandle$Holder.newInvokeSpecial(java.lang.Object, int, java.lang.Object)'> (0x00000000d680abf0) 
thrown [s\src\hotspot\share\interpreter\linkResolver.cpp, line 773]
Event: 2.466 Thread 0x000001c6a8fffe80 Exception <a 'java/lang/ClassNotFoundException'{0x00000000d6a22ae0}: sun/net/www/protocol/plurl/Handler> (0x00000000d6a22ae0) 
thrown [s\src\hotspot\share\classfile\systemDictionary.cpp, line 312]
Event: 2.466 Thread 0x000001c6a8fffe80 Exception <a 'java/lang/ClassNotFoundException'{0x00000000d6a23960}: sun/net/www/protocol/plurl/Handler> (0x00000000d6a23960) 
thrown [s\src\hotspot\share\classfile\systemDictionary.cpp, line 312]
Event: 19.708 Thread 0x000001c6a8fffe80 Exception <a 'java/lang/UnsatisfiedLinkError'{0x00000000d55bbe08}: 'void org.eclipse.equinox.launcher.JNIBridge._update_splash()'> (0x00000000d55bbe08) 
thrown [s\src\hotspot\share\prims\nativeLookup.cpp, line 415]
Event: 19.811 Thread 0x000001c7023c86c0 Exception <a 'java/lang/NoSuchMethodError'{0x00000000d586b230}: 'void java.lang.invoke.DirectMethodHandle$Holder.invokeInterface(java.lang.Object, java.lang.Object, java.lang.Object)'> (0x00000000d586b230) 
thrown [s\src\hotspot\share\interpreter\linkResolver.cpp, line 773]
Event: 20.009 Thread 0x000001c707018850 Exception <a 'java/lang/NoSuchMethodError'{0x00000000d5c50b90}: 'java.lang.Object java.lang.invoke.DirectMethodHandle$Holder.newInvokeSpecial(java.lang.Object, java.lang.Object, int, java.lang.Object)'> (0x00000000d5c50b90) 
thrown [s\src\hotspot\share\interpreter\linkResolver.cpp, line 773]
Event: 20.011 Thread 0x000001c707018850 Exception <a 'java/lang/NoSuchMethodError'{0x00000000d5c549c0}: 'java.lang.Object java.lang.invoke.DirectMethodHandle$Holder.invokeSpecial(java.lang.Object, java.lang.Object, java.lang.Object, int, java.lang.Object)'> (0x00000000d5c549c0) 
thrown [s\src\hotspot\share\interpreter\linkResolver.cpp, line 773]
Event: 20.037 Thread 0x000001c707018850 Exception <a 'java/lang/NoClassDefFoundError'{0x00000000d5cfbc38}: jakarta/servlet/ServletContainerInitializer> (0x00000000d5cfbc38) 
thrown [s\src\hotspot\share\classfile\systemDictionary.cpp, line 301]
Event: 20.259 Thread 0x000001c707018850 Exception <a 'java/lang/ClassNotFoundException'{0x00000000d5e50270}: sun/util/logging/resources/spi/loggingProvider> (0x00000000d5e50270) 
thrown [s\src\hotspot\share\classfile\systemDictionary.cpp, line 312]
Event: 20.314 Thread 0x000001c707018850 Exception <a 'java/io/IOException'{0x00000000d601d1a0}> (0x00000000d601d1a0) 
thrown [s\src\hotspot\share\prims\jni.cpp, line 520]

ZGC Phase Switch (0 events):
No events

VM Operations (20 events):
Event: 2.445 Executing VM operation: HandshakeAllThreads (Deoptimize)
Event: 2.445 Executing VM operation: HandshakeAllThreads (Deoptimize) done
Event: 2.461 Executing VM operation: HandshakeAllThreads (Deoptimize)
Event: 2.461 Executing VM operation: HandshakeAllThreads (Deoptimize) done
Event: 3.471 Executing VM operation: Cleanup
Event: 3.471 Executing VM operation: Cleanup done
Event: 4.485 Executing VM operation: Cleanup
Event: 4.485 Executing VM operation: Cleanup done
Event: 19.687 Executing VM operation: ParallelGCFailedAllocation (Allocation Failure)
Event: 19.697 Executing VM operation: ParallelGCFailedAllocation (Allocation Failure) done
Event: 20.243 Executing VM operation: HandshakeAllThreads (Deoptimize)
Event: 20.243 Executing VM operation: HandshakeAllThreads (Deoptimize) done
Event: 20.278 Executing VM operation: HandshakeAllThreads (Deoptimize)
Event: 20.278 Executing VM operation: HandshakeAllThreads (Deoptimize) done
Event: 20.306 Executing VM operation: HandshakeAllThreads (Deoptimize)
Event: 20.306 Executing VM operation: HandshakeAllThreads (Deoptimize) done
Event: 20.325 Executing VM operation: HandshakeAllThreads (Deoptimize)
Event: 20.325 Executing VM operation: HandshakeAllThreads (Deoptimize) done
Event: 21.332 Executing VM operation: Cleanup
Event: 21.332 Executing VM operation: Cleanup done

Memory protections (0 events):
No events

Nmethod flushes (0 events):
No events

Events (20 events):
Event: 0.862 Thread 0x000001c6a8fa9980 Thread added: 0x000001c7025b8a10
Event: 0.974 Thread 0x000001c7025b8a10 Thread exited: 0x000001c7025b8a10
Event: 1.055 Thread 0x000001c6a8fffe80 Thread added: 0x000001c70264d510
Event: 1.212 Thread 0x000001c6a8fa9980 Thread added: 0x000001c7026a33b0
Event: 1.308 Thread 0x000001c6a8facf30 Thread added: 0x000001c702aa86f0
Event: 1.587 Thread 0x000001c702aa86f0 Thread exited: 0x000001c702aa86f0
Event: 2.044 Thread 0x000001c6a8facf30 Thread added: 0x000001c702dee4a0
Event: 2.358 Thread 0x000001c6a8fffe80 Thread added: 0x000001c702cd2090
Event: 3.164 Thread 0x000001c702dee4a0 Thread exited: 0x000001c702dee4a0
Event: 3.164 Thread 0x000001c7026a33b0 Thread exited: 0x000001c7026a33b0
Event: 19.705 Thread 0x000001c6a8fffe80 Thread added: 0x000001c7023c86c0
Event: 19.817 Thread 0x000001c7023c86c0 Thread added: 0x000001c702a455a0
Event: 19.855 Thread 0x000001c6a8fffe80 Thread added: 0x000001c707018850
Event: 20.007 Thread 0x000001c6a8fa9980 Thread added: 0x000001c702551e90
Event: 20.238 Thread 0x000001c702551e90 Thread exited: 0x000001c702551e90
Event: 20.336 Thread 0x000001c6a8facf30 Thread added: 0x000001c7026da9e0
Event: 20.336 Thread 0x000001c6a8facf30 Thread added: 0x000001c7024938f0
Event: 21.484 Thread 0x000001c7024938f0 Thread exited: 0x000001c7024938f0
Event: 22.021 Thread 0x000001c7026da9e0 Thread exited: 0x000001c7026da9e0
Event: 25.702 Thread 0x000001c6a8facf30 Thread added: 0x000001c702ed0b70


Dynamic libraries:
0x00007ff6dfd00000 - 0x00007ff6dfd0e000 	c:\Users\work\.vscode\extensions\redhat.java-1.52.0-win32-x64\jre\21.0.9-win32-x86_64\bin\java.exe
0x00007ff9f1f40000 - 0x00007ff9f21a7000 	C:\WINDOWS\SYSTEM32\ntdll.dll
0x00007ff9f0ec0000 - 0x00007ff9f0f89000 	C:\WINDOWS\System32\KERNEL32.DLL
0x00007ff9ef090000 - 0x00007ff9ef47f000 	C:\WINDOWS\System32\KERNELBASE.dll
0x00007ff9ef740000 - 0x00007ff9ef88b000 	C:\WINDOWS\System32\ucrtbase.dll
0x00007ff9d5930000 - 0x00007ff9d5948000 	c:\Users\work\.vscode\extensions\redhat.java-1.52.0-win32-x64\jre\21.0.9-win32-x86_64\bin\jli.dll
0x00007ff9d5e00000 - 0x00007ff9d5e1e000 	c:\Users\work\.vscode\extensions\redhat.java-1.52.0-win32-x64\jre\21.0.9-win32-x86_64\bin\VCRUNTIME140.dll
0x00007ff9f06e0000 - 0x00007ff9f08a5000 	C:\WINDOWS\System32\USER32.dll
0x00007ff9efbf0000 - 0x00007ff9efc17000 	C:\WINDOWS\System32\win32u.dll
0x00007ff9d8b50000 - 0x00007ff9d8de3000 	C:\WINDOWS\WinSxS\amd64_microsoft.windows.common-controls_6595b64144ccf1df_6.0.26100.7309_none_3e05feeae336a044\COMCTL32.dll
0x00007ff9f1140000 - 0x00007ff9f116b000 	C:\WINDOWS\System32\GDI32.dll
0x00007ff9f0f90000 - 0x00007ff9f1039000 	C:\WINDOWS\System32\msvcrt.dll
0x00007ff9efac0000 - 0x00007ff9efbec000 	C:\WINDOWS\System32\gdi32full.dll
0x00007ff9ef690000 - 0x00007ff9ef733000 	C:\WINDOWS\System32\msvcp_win.dll
0x00007ff9f1e40000 - 0x00007ff9f1e71000 	C:\WINDOWS\System32\IMM32.DLL
0x00007ff9e3290000 - 0x00007ff9e329c000 	c:\Users\work\.vscode\extensions\redhat.java-1.52.0-win32-x64\jre\21.0.9-win32-x86_64\bin\vcruntime140_1.dll
0x00007ff991070000 - 0x00007ff9910fd000 	c:\Users\work\.vscode\extensions\redhat.java-1.52.0-win32-x64\jre\21.0.9-win32-x86_64\bin\msvcp140.dll
0x00007ff8f1fb0000 - 0x00007ff8f2d50000 	c:\Users\work\.vscode\extensions\redhat.java-1.52.0-win32-x64\jre\21.0.9-win32-x86_64\bin\server\jvm.dll
0x00007ff9f0da0000 - 0x00007ff9f0e54000 	C:\WINDOWS\System32\ADVAPI32.dll
0x00007ff9f1170000 - 0x00007ff9f1216000 	C:\WINDOWS\System32\sechost.dll
0x00007ff9f0530000 - 0x00007ff9f0648000 	C:\WINDOWS\System32\RPCRT4.dll
0x00007ff9f08b0000 - 0x00007ff9f0924000 	C:\WINDOWS\System32\WS2_32.dll
0x00007ff9eeef0000 - 0x00007ff9eef4e000 	C:\WINDOWS\SYSTEM32\POWRPROF.dll
0x00007ff9d6430000 - 0x00007ff9d6465000 	C:\WINDOWS\SYSTEM32\WINMM.dll
0x00007ff9e1a40000 - 0x00007ff9e1a4b000 	C:\WINDOWS\SYSTEM32\VERSION.dll
0x00007ff9eeed0000 - 0x00007ff9eeee4000 	C:\WINDOWS\SYSTEM32\UMPDC.dll
0x00007ff9ede00000 - 0x00007ff9ede1b000 	C:\WINDOWS\SYSTEM32\kernel.appcore.dll
0x00007ff9e3230000 - 0x00007ff9e323a000 	c:\Users\work\.vscode\extensions\redhat.java-1.52.0-win32-x64\jre\21.0.9-win32-x86_64\bin\jimage.dll
0x00007ff9ec640000 - 0x00007ff9ec882000 	C:\WINDOWS\SYSTEM32\DBGHELP.DLL
0x00007ff9f0a10000 - 0x00007ff9f0d96000 	C:\WINDOWS\System32\combase.dll
0x00007ff9f0930000 - 0x00007ff9f0a06000 	C:\WINDOWS\System32\OLEAUT32.dll
0x00007ff9cdb90000 - 0x00007ff9cdbcc000 	C:\WINDOWS\SYSTEM32\dbgcore.DLL
0x00007ff9efa10000 - 0x00007ff9efab5000 	C:\WINDOWS\System32\bcryptPrimitives.dll
0x00007ff9d6d00000 - 0x00007ff9d6d0f000 	c:\Users\work\.vscode\extensions\redhat.java-1.52.0-win32-x64\jre\21.0.9-win32-x86_64\bin\instrument.dll
0x00007ff9ce910000 - 0x00007ff9ce930000 	c:\Users\work\.vscode\extensions\redhat.java-1.52.0-win32-x64\jre\21.0.9-win32-x86_64\bin\java.dll
0x00007ff9f1410000 - 0x00007ff9f1b63000 	C:\WINDOWS\System32\SHELL32.dll
0x00007ff9ef520000 - 0x00007ff9ef68a000 	C:\WINDOWS\System32\wintypes.dll
0x00007ff9ecc50000 - 0x00007ff9ed4ae000 	C:\WINDOWS\SYSTEM32\windows.storage.dll
0x00007ff9f1040000 - 0x00007ff9f1135000 	C:\WINDOWS\System32\SHCORE.dll
0x00007ff9f1dd0000 - 0x00007ff9f1e36000 	C:\WINDOWS\System32\shlwapi.dll
0x00007ff9eefb0000 - 0x00007ff9eefd9000 	C:\WINDOWS\SYSTEM32\profapi.dll
0x00007ff9c88d0000 - 0x00007ff9c88e8000 	c:\Users\work\.vscode\extensions\redhat.java-1.52.0-win32-x64\jre\21.0.9-win32-x86_64\bin\zip.dll
0x00007ff9d5e80000 - 0x00007ff9d5e90000 	C:\Users\work\.vscode\extensions\redhat.java-1.52.0-win32-x64\jre\21.0.9-win32-x86_64\bin\net.dll
0x00007ff9e35c0000 - 0x00007ff9e36e8000 	C:\WINDOWS\SYSTEM32\WINHTTP.dll
0x00007ff9ee350000 - 0x00007ff9ee3bb000 	C:\WINDOWS\system32\mswsock.dll
0x00007ff9c83c0000 - 0x00007ff9c83d6000 	C:\Users\work\.vscode\extensions\redhat.java-1.52.0-win32-x64\jre\21.0.9-win32-x86_64\bin\nio.dll
0x00007ff9d2e70000 - 0x00007ff9d2e80000 	c:\Users\work\.vscode\extensions\redhat.java-1.52.0-win32-x64\jre\21.0.9-win32-x86_64\bin\verify.dll
0x00007ff9811d0000 - 0x00007ff981215000 	C:\Users\work\AppData\Roaming\Code\User\globalStorage\redhat.java\1.52.0\config_win\org.eclipse.equinox.launcher\org.eclipse.equinox.launcher.win32.win32.x86_64_1.2.1500.v20260121-1430\eclipse_11919.dll
0x00007ff9f1c30000 - 0x00007ff9f1dc7000 	C:\WINDOWS\System32\ole32.dll

JVMTI agents:
c:\Users\work\.vscode\extensions\redhat.java-1.52.0-win32-x64\lombok\lombok-1.18.39-4050.jar path:c:\Users\work\.vscode\extensions\redhat.java-1.52.0-win32-x64\jre\21.0.9-win32-x86_64\bin\instrument.dll, loaded, initialized, instrumentlib options:none

dbghelp: loaded successfully - version: 4.0.5 - missing functions: none
symbol engine: initialized successfully - sym options: 0x614 - pdb path: .;c:\Users\work\.vscode\extensions\redhat.java-1.52.0-win32-x64\jre\21.0.9-win32-x86_64\bin;C:\WINDOWS\SYSTEM32;C:\WINDOWS\WinSxS\amd64_microsoft.windows.common-controls_6595b64144ccf1df_6.0.26100.7309_none_3e05feeae336a044;c:\Users\work\.vscode\extensions\redhat.java-1.52.0-win32-x64\jre\21.0.9-win32-x86_64\bin\server;C:\Users\work\AppData\Roaming\Code\User\globalStorage\redhat.java\1.52.0\config_win\org.eclipse.equinox.launcher\org.eclipse.equinox.launcher.win32.win32.x86_64_1.2.1500.v20260121-1430

VM Arguments:
jvm_args: --add-modules=ALL-SYSTEM --add-opens=java.base/java.util=ALL-UNNAMED --add-opens=java.base/java.lang=ALL-UNNAMED --add-opens=java.base/sun.nio.fs=ALL-UNNAMED -Declipse.application=org.eclipse.jdt.ls.core.id1 -Dosgi.bundles.defaultStartLevel=4 -Declipse.product=org.eclipse.jdt.ls.core.product -Djava.import.generatesMetadataFilesAtProjectRoot=false -DDetectVMInstallationsJob.disabled=true -Dfile.encoding=utf8 -XX:+UseParallelGC -XX:GCTimeRatio=4 -XX:AdaptiveSizePolicyWeight=90 -Dsun.zip.disableMemoryMapping=true -Xmx2G -Xms100m -Xlog:disable -javaagent:c:\Users\work\.vscode\extensions\redhat.java-1.52.0-win32-x64\lombok\lombok-1.18.39-4050.jar -XX:+HeapDumpOnOutOfMemoryError -XX:HeapDumpPath=c:\Users\work\AppData\Roaming\Code\User\workspaceStorage\e714646189002edd2a3e7f6b9a24a722\redhat.java -Daether.dependencyCollector.impl=bf 
java_command: c:\Users\work\.vscode\extensions\redhat.java-1.52.0-win32-x64\server\plugins\org.eclipse.equinox.launcher_1.7.100.v20251111-0406.jar -configuration c:\Users\work\AppData\Roaming\Code\User\globalStorage\redhat.java\1.52.0\config_win -data c:\Users\work\AppData\Roaming\Code\User\workspaceStorage\e714646189002edd2a3e7f6b9a24a722\redhat.java\jdt_ws --pipe=\\.\pipe\lsp-c98dde16766314e37c90aebab7b870ec-sock
java_class_path (initial): c:\Users\work\.vscode\extensions\redhat.java-1.52.0-win32-x64\server\plugins\org.eclipse.equinox.launcher_1.7.100.v20251111-0406.jar
Launcher Type: SUN_STANDARD

[Global flags]
    uintx AdaptiveSizePolicyWeight                 = 90                                        {product} {command line}
     intx CICompilerCount                          = 4                                         {product} {ergonomic}
    uintx GCTimeRatio                              = 4                                         {product} {command line}
     bool HeapDumpOnOutOfMemoryError               = true                                   {manageable} {command line}
    ccstr HeapDumpPath                             = c:\Users\work\AppData\Roaming\Code\User\workspaceStorage\e714646189002edd2a3e7f6b9a24a722\redhat.java         {manageable} {command line}
   size_t InitialHeapSize                          = 104857600                                 {product} {command line}
   size_t MaxHeapSize                              = 2147483648                                {product} {command line}
   size_t MaxNewSize                               = 715653120                                 {product} {ergonomic}
   size_t MinHeapDeltaBytes                        = 524288                                    {product} {ergonomic}
   size_t MinHeapSize                              = 104857600                                 {product} {command line}
   size_t NewSize                                  = 34603008                                  {product} {ergonomic}
    uintx NonNMethodCodeHeapSize                   = 5839372                                {pd product} {ergonomic}
    uintx NonProfiledCodeHeapSize                  = 122909434                              {pd product} {ergonomic}
   size_t OldSize                                  = 70254592                                  {product} {ergonomic}
    uintx ProfiledCodeHeapSize                     = 122909434                              {pd product} {ergonomic}
    uintx ReservedCodeCacheSize                    = 251658240                              {pd product} {ergonomic}
     bool SegmentedCodeCache                       = true                                      {product} {ergonomic}
   size_t SoftMaxHeapSize                          = 2147483648                             {manageable} {ergonomic}
     bool UseCompressedOops                        = true                           {product lp64_product} {ergonomic}
     bool UseLargePagesIndividualAllocation        = false                                  {pd product} {ergonomic}
     bool UseParallelGC                            = true                                      {product} {command line}

Logging:
Log output configuration:
 #0: stdout all=off uptime,level,tags foldmultilines=false
 #1: stderr all=off uptime,level,tags foldmultilines=false

Release file:
JAVA_VERSION="21.0.9" 
MODULES="java.base java.compiler java.datatransfer java.xml java.prefs java.desktop java.instrument java.logging java.management java.security.sasl java.naming java.rmi java.management.rmi java.net.http java.scripting java.security.jgss java.transaction.xa java.sql java.sql.rowset java.xml.crypto java.se java.smartcardio jdk.accessibility jdk.internal.jvmstat jdk.attach jdk.charsets jdk.internal.opt jdk.zipfs jdk.compiler jdk.crypto.ec jdk.crypto.cryptoki jdk.crypto.mscapi jdk.dynalink jdk.internal.ed jdk.editpad jdk.hotspot.agent jdk.httpserver jdk.internal.le jdk.internal.vm.ci jdk.internal.vm.compiler jdk.internal.vm.compiler.management jdk.jartool jdk.javadoc jdk.jcmd jdk.management jdk.management.agent jdk.jconsole jdk.jdeps jdk.jdwp.agent jdk.jdi jdk.jfr jdk.jshell jdk.jsobject jdk.jstatd jdk.localedata jdk.management.jfr jdk.naming.dns jdk.naming.rmi jdk.net jdk.nio.mapmode jdk.random jdk.sctp jdk.security.auth jdk.security.jgss jdk.unsupported jdk.unsupported.desktop jdk.xml.dom" 

Environment Variables:
JAVA_HOME=C:\Program Files\Eclipse Adoptium\jdk-17.0.17.10-hotspot\
PATH=C:\Program Files\Common Files\Oracle\Java\javapath;C:\Program Files\Eclipse Adoptium\jdk-17.0.17.10-hotspot\bin;C:\Program Files (x86)\VMware\VMware Player\bin\;C:\WINDOWS\system32;C:\WINDOWS;C:\WINDOWS\System32\Wbem;C:\WINDOWS\System32\WindowsPowerShell\v1.0\;C:\WINDOWS\System32\OpenSSH\;C:\xampp\php;C:\ProgramData\ComposerSetup\bin;C:\Program Files\Git\cmd;C:\xampp\php;C:\Program Files (x86)\Nmap\;C:\Users\work\AppData\Local\Programs\Python\Python39;C:\Users\work\AppData\Local\Programs\Python\Python39\Scripts;D:\nodejs\;D:\turso_cli-x86_64-pc-windows-msvc;C:\Program Files\MySQL\MySQL Server 8.0\bin;C:\Program Files\MySQL\MySQL Shell 8.0\bin\;C:\Users\work\.turso;C:\Users\work\.turso;C:\Program Files (x86)\VMware\VMware Player\bin\;C:\WINDOWS\system32;C:\WINDOWS;C:\WINDOWS\System32\Wbem;C:\WINDOWS\System32\WindowsPowerShell\v1.0\;C:\WINDOWS\System32\OpenSSH\;C:\xampp\php;C:\ProgramData\ComposerSetup\bin;C:\Program Files\Git\cmd;C:\xampp\php;C:\Program Files (x86)\Nmap\;C:\Users\work\AppData\Local\Programs\Python\Python39;C:\Users\work\AppData\Local\Programs\Python\Python39\Scripts;D:\nodejs\;D:\Downloads\resources\app\bin;D:\turso_cli-x86_64-pc-windows-msvc;C:\Users\work\AppData\Local\Microsoft\WindowsApps;C:\Users\work\AppData\Roaming\Composer\vendor\bin;C:\Users\work\AppData\Local\Programs\Microsoft VS Code\bin;C:\Users\work\AppData\Roaming\npm
USERNAME=Arun
OS=Windows_NT
PROCESSOR_IDENTIFIER=Intel64 Family 6 Model 142 Stepping 12, GenuineIntel
TMP=C:\Users\work\AppData\Local\Temp
TEMP=C:\Users\work\AppData\Local\Temp




Periodic native trim disabled

---------------  S Y S T E M  ---------------

OS:
 Windows 11 , 64 bit Build 26100 (10.0.26100.7623)
OS uptime: 1 days 9:34 hours
Hyper-V role detected

CPU: total 8 (initial active 8) (4 cores per cpu, 2 threads per core) family 6 model 142 stepping 12 microcode 0xf0, cx8, cmov, fxsr, ht, mmx, 3dnowpref, sse, sse2, sse3, ssse3, sse4.1, sse4.2, popcnt, lzcnt, tsc, tscinvbit, avx, avx2, aes, erms, clmul, bmi1, bmi2, adx, fma, vzeroupper, clflush, clflushopt, hv, rdtscp, f16c
Processor Information for processor 0
  Max Mhz: 2208, Current Mhz: 1706, Mhz Limit: 1700
Processor Information for processor 1
  Max Mhz: 2208, Current Mhz: 1706, Mhz Limit: 1700
Processor Information for processor 2
  Max Mhz: 2208, Current Mhz: 1505, Mhz Limit: 1700
Processor Information for processor 3
  Max Mhz: 2208, Current Mhz: 1706, Mhz Limit: 1700
Processor Information for processor 4
  Max Mhz: 2208, Current Mhz: 1706, Mhz Limit: 1700
Processor Information for processor 5
  Max Mhz: 2208, Current Mhz: 1706, Mhz Limit: 1700
Processor Information for processor 6
  Max Mhz: 2208, Current Mhz: 1505, Mhz Limit: 1700
Processor Information for processor 7
  Max Mhz: 2208, Current Mhz: 1505, Mhz Limit: 1700

Memory: 4k page, system-wide physical 16153M (3178M free)
TotalPageFile size 20665M (AvailPageFile size 7M)
current process WorkingSet (physical memory assigned to process): 102M, peak: 102M
current process commit charge ("private bytes"): 247M, peak: 247M

vm_info: OpenJDK 64-Bit Server VM (21.0.9+10-LTS) for windows-amd64 JRE (21.0.9+10-LTS), built on 2025-10-21T00:00:00Z by "admin" with unknown MS VC++:1942

END.
